{"/develop/repositories/javascript/essentials/src/sum.js": {"path":"/develop/repositories/javascript/essentials/src/sum.js","statementMap":{"0":{"start":{"line":2,"column":11},"end":{"line":2,"column":12}},"1":{"start":{"line":4,"column":2},"end":{"line":4,"column":22}},"2":{"start":{"line":7,"column":0},"end":{"line":7,"column":21}}},"fnMap":{"0":{"name":"sum","decl":{"start":{"line":3,"column":9},"end":{"line":3,"column":12}},"loc":{"start":{"line":3,"column":19},"end":{"line":5,"column":1}},"line":3}},"branchMap":{},"s":{"0":1,"1":1,"2":1},"f":{"0":1},"b":{},"_coverageSchema":"332fd63041d2c1bcb487cc26dd0d5f7d97098a6c","hash":"a653dcbfd4dfb6eeb562372001523b7421ab6646"}
}
